# JRE version: OpenJDK Runtime Environment Microsoft-8035246 (17.0.8+7) (build 17.0.8+7-LTS)
# Java VM: OpenJDK 64-Bit Server VM Microsoft-8035246 (17.0.8+7-LTS, mixed mode, sharing, tiered, compressed oops, compressed class ptrs, g1 gc, windows-amd64)
GC Precious Log:
 CPUs: 8 total, 8 available
 Memory: 7975M
 Large Page Support: Disabled
 NUMA Support: Disabled
 Compressed Oops: Enabled (32-bit)
 Heap Region Size: 1M
 Heap Min Capacity: 8M
 Heap Initial Capacity: 126M
 Heap Max Capacity: 2G
 Pre-touch: Disabled
 Parallel Workers: 8
 Concurrent Workers: 2
 Concurrent Refinement Workers: 8
 Periodic GC: Disabled
Heap:
 garbage-first heap   total 321536K, used 214295K [0x0000000080000000, 0x0000000100000000)
  region size 1024K, 29 young (29696K), 5 survivors (5120K)
 Metaspace       used 103470K, committed 104576K, reserved 557056K
  class space    used 14348K, committed 14848K, reserved 425984K
GC Heap History (20 events):
Event: 18.389 GC heap before
{Heap before GC invocations=39 (full 0):
 garbage-first heap   total 233472K, used 185528K [0x0000000080000000, 0x0000000100000000)
  region size 1024K, 57 young (58368K), 11 survivors (11264K)
 Metaspace       used 92583K, committed 93568K, reserved 557056K
  class space    used 12934K, committed 13376K, reserved 425984K
}
Event: 18.398 GC heap after
{Heap after GC invocations=40 (full 0):
 garbage-first heap   total 233472K, used 150339K [0x0000000080000000, 0x0000000100000000)
  region size 1024K, 8 young (8192K), 8 survivors (8192K)
 Metaspace       used 92583K, committed 93568K, reserved 557056K
  class space    used 12934K, committed 13376K, reserved 425984K
}
Event: 18.780 GC heap before
{Heap before GC invocations=40 (full 0):
 garbage-first heap   total 233472K, used 189251K [0x0000000080000000, 0x0000000100000000)
  region size 1024K, 45 young (46080K), 8 survivors (8192K)
 Metaspace       used 93759K, committed 94720K, reserved 557056K
  class space    used 13084K, committed 13504K, reserved 425984K
}
Event: 18.788 GC heap after
{Heap after GC invocations=41 (full 0):
 garbage-first heap   total 233472K, used 159555K [0x0000000080000000, 0x0000000100000000)
  region size 1024K, 6 young (6144K), 6 survivors (6144K)
 Metaspace       used 93759K, committed 94720K, reserved 557056K
  class space    used 13084K, committed 13504K, reserved 425984K
}
Event: 19.063 GC heap before
{Heap before GC invocations=41 (full 0):
 garbage-first heap   total 233472K, used 192323K [0x0000000080000000, 0x0000000100000000)
  region size 1024K, 38 young (38912K), 6 survivors (6144K)
 Metaspace       used 96412K, committed 97472K, reserved 557056K
  class space    used 13505K, committed 14016K, reserved 425984K
}
Event: 19.067 GC heap after
{Heap after GC invocations=42 (full 0):
 garbage-first heap   total 233472K, used 162492K [0x0000000080000000, 0x0000000100000000)
  region size 1024K, 2 young (2048K), 2 survivors (2048K)
 Metaspace       used 96412K, committed 97472K, reserved 557056K
  class space    used 13505K, committed 14016K, reserved 425984K
}
Event: 19.497 GC heap before
{Heap before GC invocations=42 (full 0):
 garbage-first heap   total 233472K, used 195260K [0x0000000080000000, 0x0000000100000000)
  region size 1024K, 34 young (34816K), 2 survivors (2048K)
 Metaspace       used 98220K, committed 99264K, reserved 557056K
  class space    used 13740K, committed 14208K, reserved 425984K
}
Event: 19.503 GC heap after
{Heap after GC invocations=43 (full 0):
 garbage-first heap   total 280576K, used 165197K [0x0000000080000000, 0x0000000100000000)
  region size 1024K, 5 young (5120K), 5 survivors (5120K)
 Metaspace       used 98220K, committed 99264K, reserved 557056K
  class space    used 13740K, committed 14208K, reserved 425984K
}
Event: 19.983 GC heap before
{Heap before GC invocations=43 (full 0):
 garbage-first heap   total 280576K, used 227661K [0x0000000080000000, 0x0000000100000000)
  region size 1024K, 66 young (67584K), 5 survivors (5120K)
 Metaspace       used 99690K, committed 100736K, reserved 557056K
  class space    used 13897K, committed 14400K, reserved 425984K
}
Event: 19.992 GC heap after
{Heap after GC invocations=44 (full 0):
 garbage-first heap   total 280576K, used 171639K [0x0000000080000000, 0x0000000100000000)
  region size 1024K, 9 young (9216K), 9 survivors (9216K)
 Metaspace       used 99690K, committed 100736K, reserved 557056K
  class space    used 13897K, committed 14400K, reserved 425984K
}
Event: 20.195 GC heap before
{Heap before GC invocations=44 (full 0):
 garbage-first heap   total 280576K, used 201335K [0x0000000080000000, 0x0000000100000000)
  region size 1024K, 39 young (39936K), 9 survivors (9216K)
 Metaspace       used 100040K, committed 101056K, reserved 557056K
  class space    used 13936K, committed 14400K, reserved 425984K
}
Event: 20.203 GC heap after
{Heap after GC invocations=45 (full 0):
 garbage-first heap   total 280576K, used 175832K [0x0000000080000000, 0x0000000100000000)
  region size 1024K, 4 young (4096K), 4 survivors (4096K)
 Metaspace       used 100040K, committed 101056K, reserved 557056K
  class space    used 13936K, committed 14400K, reserved 425984K
}
Event: 20.651 GC heap before
{Heap before GC invocations=46 (full 0):
 garbage-first heap   total 321536K, used 236248K [0x0000000080000000, 0x0000000100000000)
  region size 1024K, 59 young (60416K), 4 survivors (4096K)
 Metaspace       used 102524K, committed 103616K, reserved 557056K
  class space    used 14246K, committed 14720K, reserved 425984K
}
Event: 20.658 GC heap after
{Heap after GC invocations=47 (full 0):
 garbage-first heap   total 321536K, used 183468K [0x0000000080000000, 0x0000000100000000)
  region size 1024K, 8 young (8192K), 8 survivors (8192K)
 Metaspace       used 102524K, committed 103616K, reserved 557056K
  class space    used 14246K, committed 14720K, reserved 425984K
}
Event: 20.697 GC heap before
{Heap before GC invocations=47 (full 0):
 garbage-first heap   total 321536K, used 189612K [0x0000000080000000, 0x0000000100000000)
  region size 1024K, 15 young (15360K), 8 survivors (8192K)
 Metaspace       used 102587K, committed 103744K, reserved 557056K
  class space    used 14247K, committed 14784K, reserved 425984K
}
Event: 20.703 GC heap after
{Heap after GC invocations=48 (full 0):
 garbage-first heap   total 321536K, used 182183K [0x0000000080000000, 0x0000000100000000)
  region size 1024K, 2 young (2048K), 2 survivors (2048K)
 Metaspace       used 102587K, committed 103744K, reserved 557056K
  class space    used 14247K, committed 14784K, reserved 425984K
}
Event: 21.202 GC heap before
{Heap before GC invocations=48 (full 0):
 garbage-first heap   total 321536K, used 261031K [0x0000000080000000, 0x0000000100000000)
  region size 1024K, 80 young (81920K), 2 survivors (2048K)
 Metaspace       used 103429K, committed 104512K, reserved 557056K
  class space    used 14348K, committed 14848K, reserved 425984K
}
Event: 21.208 GC heap after
{Heap after GC invocations=49 (full 0):
 garbage-first heap   total 321536K, used 188029K [0x0000000080000000, 0x0000000100000000)
  region size 1024K, 8 young (8192K), 8 survivors (8192K)
 Metaspace       used 103429K, committed 104512K, reserved 557056K
  class space    used 14348K, committed 14848K, reserved 425984K
}
Event: 21.626 GC heap before
{Heap before GC invocations=49 (full 0):
 garbage-first heap   total 321536K, used 261757K [0x0000000080000000, 0x0000000100000000)
  region size 1024K, 81 young (82944K), 8 survivors (8192K)
 Metaspace       used 103470K, committed 104576K, reserved 557056K
  class space    used 14348K, committed 14848K, reserved 425984K
}
Event: 21.632 GC heap after
{Heap after GC invocations=50 (full 0):
 garbage-first heap   total 321536K, used 190743K [0x0000000080000000, 0x0000000100000000)
  region size 1024K, 5 young (5120K), 5 survivors (5120K)
 Metaspace       used 103470K, committed 104576K, reserved 557056K
  class space    used 14348K, committed 14848K, reserved 425984K
}

